0 info it worked if it ends with ok
1 verbose cli [ 'C:\\Program Files\\nodejs\\node.exe',
1 verbose cli   'C:\\Program Files\\nodejs\\node_modules\\npm\\bin\\npm-cli.js',
1 verbose cli   'start' ]
2 info using npm@3.10.8
3 info using node@v6.9.1
4 verbose run-script [ 'prestart', 'start', 'poststart' ]
5 info lifecycle legopdb-backend@1.0.0~prestart: legopdb-backend@1.0.0
6 verbose lifecycle legopdb-backend@1.0.0~prestart: unsafe-perm in lifecycle true
7 verbose lifecycle legopdb-backend@1.0.0~prestart: PATH: C:\Program Files\nodejs\node_modules\npm\bin\node-gyp-bin;C:\Users\tomdo\Documents\GitHub\LegoPDB\node_modules\.bin;C:\Program Files\NVIDIA GPU Computing Toolkit\CUDA\v8.0\bin;C:\Program Files\NVIDIA GPU Computing Toolkit\CUDA\v8.0\libnvvp;C:\ProgramData\Oracle\Java\javapath;C:\Windows\system32;C:\Windows;C:\Windows\System32\Wbem;C:\Windows\System32\WindowsPowerShell\v1.0\;C:\Program Files\Microsoft SQL Server\Client SDK\ODBC\130\Tools\Binn\;C:\Program Files (x86)\Microsoft SQL Server\130\Tools\Binn\;C:\Program Files\Microsoft SQL Server\130\Tools\Binn\;C:\Program Files\Microsoft SQL Server\130\DTS\Binn\;C:\Program Files (x86)\Microsoft SQL Server\Client SDK\ODBC\130\Tools\Binn\;C:\Program Files (x86)\Microsoft SQL Server\130\DTS\Binn\;C:\Program Files (x86)\Microsoft SQL Server\130\Tools\Binn\ManagementStudio\;C:\Program Files\Git\cmd;C:\Program Files\MySQL\MySQL Utilities 1.6\;C:\Program Files\nodejs\;C:\Program Files (x86)\Skype\Phone\;C:\Program Files\Microsoft SQL Server\120\Tools\Binn\;C:\Program Files\dotnet\;C:\Program Files (x86)\LINQPad5;C:\Program Files (x86)\PuTTY\;C:\Program Files (x86)\NVIDIA Corporation\PhysX\Common;C:\Program Files (x86)\Windows Kits\8.1\Windows Performance Toolkit\;C:\cuda\bin;C:\Users\tomdo\AppData\Local\Programs\Python\Python35\Scripts\;C:\Users\tomdo\AppData\Local\Programs\Python\Python35\;C:\Users\tomdo\AppData\Local\Microsoft\WindowsApps;C:\Users\tomdo\AppData\Roaming\npm;C:\Users\tomdo\AppData\Local\Programs\EmEditor;C:\Users\tomdo\AppData\Local\Programs\Python\Python35\Scripts\;C:\Users\tomdo\AppData\Local\Programs\Python\Python35\;C:\Users\tomdo\AppData\Local\Microsoft\WindowsApps;C:\Users\tomdo\AppData\Roaming\npm;C:\Users\tomdo\AppData\Local\Programs\EmEditor
8 verbose lifecycle legopdb-backend@1.0.0~prestart: CWD: C:\Users\tomdo\Documents\GitHub\LegoPDB
9 silly lifecycle legopdb-backend@1.0.0~prestart: Args: [ '/d /s /c', 'npm install' ]
10 silly lifecycle legopdb-backend@1.0.0~prestart: Returned: code: 0  signal: null
11 info lifecycle legopdb-backend@1.0.0~start: legopdb-backend@1.0.0
12 verbose lifecycle legopdb-backend@1.0.0~start: unsafe-perm in lifecycle true
13 verbose lifecycle legopdb-backend@1.0.0~start: PATH: C:\Program Files\nodejs\node_modules\npm\bin\node-gyp-bin;C:\Users\tomdo\Documents\GitHub\LegoPDB\node_modules\.bin;C:\Program Files\NVIDIA GPU Computing Toolkit\CUDA\v8.0\bin;C:\Program Files\NVIDIA GPU Computing Toolkit\CUDA\v8.0\libnvvp;C:\ProgramData\Oracle\Java\javapath;C:\Windows\system32;C:\Windows;C:\Windows\System32\Wbem;C:\Windows\System32\WindowsPowerShell\v1.0\;C:\Program Files\Microsoft SQL Server\Client SDK\ODBC\130\Tools\Binn\;C:\Program Files (x86)\Microsoft SQL Server\130\Tools\Binn\;C:\Program Files\Microsoft SQL Server\130\Tools\Binn\;C:\Program Files\Microsoft SQL Server\130\DTS\Binn\;C:\Program Files (x86)\Microsoft SQL Server\Client SDK\ODBC\130\Tools\Binn\;C:\Program Files (x86)\Microsoft SQL Server\130\DTS\Binn\;C:\Program Files (x86)\Microsoft SQL Server\130\Tools\Binn\ManagementStudio\;C:\Program Files\Git\cmd;C:\Program Files\MySQL\MySQL Utilities 1.6\;C:\Program Files\nodejs\;C:\Program Files (x86)\Skype\Phone\;C:\Program Files\Microsoft SQL Server\120\Tools\Binn\;C:\Program Files\dotnet\;C:\Program Files (x86)\LINQPad5;C:\Program Files (x86)\PuTTY\;C:\Program Files (x86)\NVIDIA Corporation\PhysX\Common;C:\Program Files (x86)\Windows Kits\8.1\Windows Performance Toolkit\;C:\cuda\bin;C:\Users\tomdo\AppData\Local\Programs\Python\Python35\Scripts\;C:\Users\tomdo\AppData\Local\Programs\Python\Python35\;C:\Users\tomdo\AppData\Local\Microsoft\WindowsApps;C:\Users\tomdo\AppData\Roaming\npm;C:\Users\tomdo\AppData\Local\Programs\EmEditor;C:\Users\tomdo\AppData\Local\Programs\Python\Python35\Scripts\;C:\Users\tomdo\AppData\Local\Programs\Python\Python35\;C:\Users\tomdo\AppData\Local\Microsoft\WindowsApps;C:\Users\tomdo\AppData\Roaming\npm;C:\Users\tomdo\AppData\Local\Programs\EmEditor
14 verbose lifecycle legopdb-backend@1.0.0~start: CWD: C:\Users\tomdo\Documents\GitHub\LegoPDB
15 silly lifecycle legopdb-backend@1.0.0~start: Args: [ '/d /s /c', 'node index.js' ]
16 silly lifecycle legopdb-backend@1.0.0~start: Returned: code: 3221225786  signal: null
17 info lifecycle legopdb-backend@1.0.0~start: Failed to exec start script
18 verbose stack Error: legopdb-backend@1.0.0 start: `node index.js`
18 verbose stack Exit status 3221225786
18 verbose stack     at EventEmitter.<anonymous> (C:\Program Files\nodejs\node_modules\npm\lib\utils\lifecycle.js:255:16)
18 verbose stack     at emitTwo (events.js:106:13)
18 verbose stack     at EventEmitter.emit (events.js:191:7)
18 verbose stack     at ChildProcess.<anonymous> (C:\Program Files\nodejs\node_modules\npm\lib\utils\spawn.js:40:14)
18 verbose stack     at emitTwo (events.js:106:13)
18 verbose stack     at ChildProcess.emit (events.js:191:7)
18 verbose stack     at maybeClose (internal/child_process.js:877:16)
18 verbose stack     at Process.ChildProcess._handle.onexit (internal/child_process.js:226:5)
19 verbose pkgid legopdb-backend@1.0.0
20 verbose cwd C:\Users\tomdo\Documents\GitHub\LegoPDB
21 error Windows_NT 10.0.14393
22 error argv "C:\\Program Files\\nodejs\\node.exe" "C:\\Program Files\\nodejs\\node_modules\\npm\\bin\\npm-cli.js" "start"
23 error node v6.9.1
24 error npm  v3.10.8
25 error code ELIFECYCLE
26 error legopdb-backend@1.0.0 start: `node index.js`
26 error Exit status 3221225786
27 error Failed at the legopdb-backend@1.0.0 start script 'node index.js'.
27 error Make sure you have the latest version of node.js and npm installed.
27 error If you do, this is most likely a problem with the legopdb-backend package,
27 error not with npm itself.
27 error Tell the author that this fails on your system:
27 error     node index.js
27 error You can get information on how to open an issue for this project with:
27 error     npm bugs legopdb-backend
27 error Or if that isn't available, you can get their info via:
27 error     npm owner ls legopdb-backend
27 error There is likely additional logging output above.
28 verbose exit [ 1, true ]
